<?xml version="1.0" encoding="UTF-8"?>
<!-- Generated by org.testng.reporters.JUnitReportReporter -->
<testsuite hostname="PRASAD" failures="0" tests="2" name="RunnerFiles.faceBookTestRunnerFile_TestNG" time="0.890" errors="0" timestamp="2023-06-02T03:23:12 IST" skipped="0">
  <testcase classname="RunnerFiles.faceBookTestRunnerFile_TestNG" name="runScenario" time="0.886"/>
  <system-out/>
  <testcase classname="RunnerFiles.faceBookTestRunnerFile_TestNG" name="featureXL" time="0.004"/>
  <system-out/>
</testsuite> <!-- RunnerFiles.faceBookTestRunnerFile_TestNG -->
